<?xml version="1.0" encoding="UTF-8"?>
<testng-results ignored="0" total="1" passed="1" failed="0" skipped="0">
  <reporter-output>
    <line>
      <![CDATA[HI]]>
    </line>
  </reporter-output>
  <suite started-at="2023-07-13T20:18:53 IST" name="Default suite" finished-at="2023-07-13T20:18:53 IST" duration-ms="55">
    <groups>
    </groups>
    <test started-at="2023-07-13T20:18:53 IST" name="Default test" finished-at="2023-07-13T20:18:53 IST" duration-ms="55">
      <class name="Punter.Trail01">
        <test-method signature="tc1()[pri:0, instance:Punter.Trail01@3232a28a]" started-at="2023-07-13T20:18:53 IST" name="tc1" finished-at="2023-07-13T20:18:53 IST" duration-ms="11" status="PASS">
          <reporter-output>
            <line>
              <![CDATA[HI]]>
            </line>
          </reporter-output>
        </test-method> <!-- tc1 -->
      </class> <!-- Punter.Trail01 -->
    </test> <!-- Default test -->
  </suite> <!-- Default suite -->
</testng-results>
